# JRE version: OpenJDK Runtime Environment (8.0_76-b03) (build 1.8.0_76-release-b03)
# Java VM: OpenJDK 64-Bit Server VM (25.76-b03 mixed mode windows-amd64 compressed oops)
Heap:
 PSYoungGen      total 356864K, used 199186K [0x00000000e0000000, 0x00000000fa880000, 0x0000000100000000)
  eden space 288768K, 45% used [0x00000000e0000000,0x00000000e8006510,0x00000000f1a00000)
  from space 68096K, 99% used [0x00000000f1a00000,0x00000000f5c7e4e0,0x00000000f5c80000)
  to   space 46080K, 0% used [0x00000000f5c80000,0x00000000f5c80000,0x00000000f8980000)
 ParOldGen       total 200704K, used 141543K [0x00000000a0000000, 0x00000000ac400000, 0x00000000e0000000)
  object space 200704K, 70% used [0x00000000a0000000,0x00000000a8a39e10,0x00000000ac400000)
 Metaspace       used 69062K, capacity 71940K, committed 72240K, reserved 1114112K
  class space    used 8838K, capacity 9444K, committed 9520K, reserved 1048576K
GC Heap History (10 events):
Event: 89.578 GC heap before
{Heap before GC invocations=18 (full 3):
 PSYoungGen      total 251904K, used 251900K [0x00000000e0000000, 0x00000000f2480000, 0x0000000100000000)
  eden space 227328K, 100% used [0x00000000e0000000,0x00000000ede00000,0x00000000ede00000)
  from space 24576K, 99% used [0x00000000efe80000,0x00000000f167f320,0x00000000f1680000)
  to   space 33280K, 0% used [0x00000000ede00000,0x00000000ede00000,0x00000000efe80000)
 ParOldGen       total 200704K, used 59171K [0x00000000a0000000, 0x00000000ac400000, 0x00000000e0000000)
  object space 200704K, 29% used [0x00000000a0000000,0x00000000a39c8cd0,0x00000000ac400000)
 Metaspace       used 67773K, capacity 70550K, committed 70832K, reserved 1110016K
  class space    used 8742K, capacity 9345K, committed 9392K, reserved 1048576K
Event: 89.659 GC heap after
Heap after GC invocations=18 (full 3):
 PSYoungGen      total 260608K, used 33274K [0x00000000e0000000, 0x00000000f8980000, 0x0000000100000000)
  eden space 227328K, 0% used [0x00000000e0000000,0x00000000e0000000,0x00000000ede00000)
  from space 33280K, 99% used [0x00000000ede00000,0x00000000efe7e9a0,0x00000000efe80000)
  to   space 46080K, 0% used [0x00000000f5c80000,0x00000000f5c80000,0x00000000f8980000)
 ParOldGen       total 200704K, used 81112K [0x00000000a0000000, 0x00000000ac400000, 0x00000000e0000000)
  object space 200704K, 40% used [0x00000000a0000000,0x00000000a4f360f8,0x00000000ac400000)
 Metaspace       used 67773K, capacity 70550K, committed 70832K, reserved 1110016K
  class space    used 8742K, capacity 9345K, committed 9392K, reserved 1048576K
}
Event: 90.287 GC heap before
{Heap before GC invocations=19 (full 3):
 PSYoungGen      total 260608K, used 260602K [0x00000000e0000000, 0x00000000f8980000, 0x0000000100000000)
  eden space 227328K, 100% used [0x00000000e0000000,0x00000000ede00000,0x00000000ede00000)
  from space 33280K, 99% used [0x00000000ede00000,0x00000000efe7e9a0,0x00000000efe80000)
  to   space 46080K, 0% used [0x00000000f5c80000,0x00000000f5c80000,0x00000000f8980000)
 ParOldGen       total 200704K, used 81112K [0x00000000a0000000, 0x00000000ac400000, 0x00000000e0000000)
  object space 200704K, 40% used [0x00000000a0000000,0x00000000a4f360f8,0x00000000ac400000)
 Metaspace       used 68089K, capacity 70838K, committed 71088K, reserved 1112064K
  class space    used 8756K, capacity 9377K, committed 9392K, reserved 1048576K
Event: 90.373 GC heap after
Heap after GC invocations=19 (full 3):
 PSYoungGen      total 273408K, used 46075K [0x00000000e0000000, 0x00000000f8980000, 0x0000000100000000)
  eden space 227328K, 0% used [0x00000000e0000000,0x00000000e0000000,0x00000000ede00000)
  from space 46080K, 99% used [0x00000000f5c80000,0x00000000f897ed28,0x00000000f8980000)
  to   space 33280K, 0% used [0x00000000ede00000,0x00000000ede00000,0x00000000efe80000)
 ParOldGen       total 200704K, used 93941K [0x00000000a0000000, 0x00000000ac400000, 0x00000000e0000000)
  object space 200704K, 46% used [0x00000000a0000000,0x00000000a5bbd488,0x00000000ac400000)
 Metaspace       used 68089K, capacity 70838K, committed 71088K, reserved 1112064K
  class space    used 8756K, capacity 9377K, committed 9392K, reserved 1048576K
}
Event: 91.311 GC heap before
{Heap before GC invocations=20 (full 3):
 PSYoungGen      total 273408K, used 273403K [0x00000000e0000000, 0x00000000f8980000, 0x0000000100000000)
  eden space 227328K, 100% used [0x00000000e0000000,0x00000000ede00000,0x00000000ede00000)
  from space 46080K, 99% used [0x00000000f5c80000,0x00000000f897ed28,0x00000000f8980000)
  to   space 33280K, 0% used [0x00000000ede00000,0x00000000ede00000,0x00000000efe80000)
 ParOldGen       total 200704K, used 100416K [0x00000000a0000000, 0x00000000ac400000, 0x00000000e0000000)
  object space 200704K, 50% used [0x00000000a0000000,0x00000000a62100b0,0x00000000ac400000)
 Metaspace       used 68450K, capacity 71254K, committed 71472K, reserved 1112064K
  class space    used 8779K, capacity 9409K, committed 9520K, reserved 1048576K
Event: 91.388 GC heap after
Heap after GC invocations=20 (full 3):
 PSYoungGen      total 260608K, used 33249K [0x00000000e0000000, 0x00000000f8980000, 0x0000000100000000)
  eden space 227328K, 0% used [0x00000000e0000000,0x00000000e0000000,0x00000000ede00000)
  from space 33280K, 99% used [0x00000000ede00000,0x00000000efe784a8,0x00000000efe80000)
  to   space 46080K, 0% used [0x00000000f5c80000,0x00000000f5c80000,0x00000000f8980000)
 ParOldGen       total 200704K, used 124254K [0x00000000a0000000, 0x00000000ac400000, 0x00000000e0000000)
  object space 200704K, 61% used [0x00000000a0000000,0x00000000a7957b10,0x00000000ac400000)
 Metaspace       used 68450K, capacity 71254K, committed 71472K, reserved 1112064K
  class space    used 8779K, capacity 9409K, committed 9520K, reserved 1048576K
}
Event: 91.970 GC heap before
{Heap before GC invocations=21 (full 3):
 PSYoungGen      total 260608K, used 260577K [0x00000000e0000000, 0x00000000f8980000, 0x0000000100000000)
  eden space 227328K, 100% used [0x00000000e0000000,0x00000000ede00000,0x00000000ede00000)
  from space 33280K, 99% used [0x00000000ede00000,0x00000000efe784a8,0x00000000efe80000)
  to   space 46080K, 0% used [0x00000000f5c80000,0x00000000f5c80000,0x00000000f8980000)
 ParOldGen       total 200704K, used 124257K [0x00000000a0000000, 0x00000000ac400000, 0x00000000e0000000)
  object space 200704K, 61% used [0x00000000a0000000,0x00000000a79584e8,0x00000000ac400000)
 Metaspace       used 68496K, capacity 71318K, committed 71472K, reserved 1112064K
  class space    used 8781K, capacity 9409K, committed 9520K, reserved 1048576K
Event: 92.034 GC heap after
Heap after GC invocations=21 (full 3):
 PSYoungGen      total 334848K, used 40243K [0x00000000e0000000, 0x00000000fa880000, 0x0000000100000000)
  eden space 288768K, 0% used [0x00000000e0000000,0x00000000e0000000,0x00000000f1a00000)
  from space 46080K, 87% used [0x00000000f5c80000,0x00000000f83ccc28,0x00000000f8980000)
  to   space 68096K, 0% used [0x00000000f1a00000,0x00000000f1a00000,0x00000000f5c80000)
 ParOldGen       total 200704K, used 129321K [0x00000000a0000000, 0x00000000ac400000, 0x00000000e0000000)
  object space 200704K, 64% used [0x00000000a0000000,0x00000000a7e4a608,0x00000000ac400000)
 Metaspace       used 68496K, capacity 71318K, committed 71472K, reserved 1112064K
  class space    used 8781K, capacity 9409K, committed 9520K, reserved 1048576K
}
Event: 92.531 GC heap before
{Heap before GC invocations=22 (full 3):
 PSYoungGen      total 334848K, used 329011K [0x00000000e0000000, 0x00000000fa880000, 0x0000000100000000)
  eden space 288768K, 100% used [0x00000000e0000000,0x00000000f1a00000,0x00000000f1a00000)
  from space 46080K, 87% used [0x00000000f5c80000,0x00000000f83ccc28,0x00000000f8980000)
  to   space 68096K, 0% used [0x00000000f1a00000,0x00000000f1a00000,0x00000000f5c80000)
 ParOldGen       total 200704K, used 129321K [0x00000000a0000000, 0x00000000ac400000, 0x00000000e0000000)
  object space 200704K, 64% used [0x00000000a0000000,0x00000000a7e4a608,0x00000000ac400000)
 Metaspace       used 68508K, capacity 71318K, committed 71472K, reserved 1112064K
  class space    used 8782K, capacity 9409K, committed 9520K, reserved 1048576K
Event: 92.609 GC heap after
Heap after GC invocations=22 (full 3):
 PSYoungGen      total 356864K, used 68089K [0x00000000e0000000, 0x00000000fa880000, 0x0000000100000000)
  eden space 288768K, 0% used [0x00000000e0000000,0x00000000e0000000,0x00000000f1a00000)
  from space 68096K, 99% used [0x00000000f1a00000,0x00000000f5c7e4e0,0x00000000f5c80000)
  to   space 46080K, 0% used [0x00000000f5c80000,0x00000000f5c80000,0x00000000f8980000)
 ParOldGen       total 200704K, used 141543K [0x00000000a0000000, 0x00000000ac400000, 0x00000000e0000000)
  object space 200704K, 70% used [0x00000000a0000000,0x00000000a8a39e10,0x00000000ac400000)
 Metaspace       used 68508K, capacity 71318K, committed 71472K, reserved 1112064K
  class space    used 8782K, capacity 9409K, committed 9520K, reserved 1048576K
}

